[2020-05-29T18:01:53.257] [DEBUG] debug - Starting application.
[2020-05-29T18:02:13.539] [DEBUG] debug - Starting application.
[2020-05-29T18:02:13.553] [DEBUG] debug - Web server listning on :3000
[2020-05-29T18:02:26.926] [DEBUG] debug - Path request for:java
[2020-05-29T18:02:26.927] [DEBUG] debug - Requesting for aws Bucket: static-content-bucket
[2020-05-29T18:02:26.928] [DEBUG] debug - Requesting for Path: blogs/java
[2020-05-29T18:03:03.910] [DEBUG] debug - Starting application.
[2020-05-29T18:03:03.926] [DEBUG] debug - Web server listning on :3000
[2020-05-29T18:03:04.186] [DEBUG] debug - Path request for:java
[2020-05-29T18:03:04.189] [DEBUG] debug - Requesting for aws Bucket: static-content-bucket
[2020-05-29T18:03:04.191] [DEBUG] debug - Requesting for Path: blogs/java
[2020-05-29T18:03:06.160] [DEBUG] debug - Path request for:java
[2020-05-29T18:03:06.162] [DEBUG] debug - Requesting for aws Bucket: static-content-bucket
[2020-05-29T18:03:06.162] [DEBUG] debug - Requesting for Path: blogs/java
[2020-05-29T18:06:00.157] [DEBUG] debug - Starting application.
[2020-05-29T18:06:00.172] [DEBUG] debug - Web server listning on :3000
[2020-05-29T18:06:03.914] [DEBUG] debug - Path request for:java
[2020-05-29T18:06:03.915] [DEBUG] debug - Requesting for aws Bucket: static-content-bucket
[2020-05-29T18:06:03.917] [DEBUG] debug - Requesting for Path: blogs/java
[2020-05-29T18:06:04.039] [DEBUG] debug - Path request for:java
[2020-05-29T18:06:04.041] [DEBUG] debug - Requesting for aws Bucket: static-content-bucket
[2020-05-29T18:06:04.042] [DEBUG] debug - Requesting for Path: blogs/java
[2020-05-29T18:18:08.622] [DEBUG] debug - Starting application.
[2020-05-29T18:18:08.636] [DEBUG] debug - Web server listning on :3000
[2020-05-29T18:18:13.179] [DEBUG] debug - Path request for:java
[2020-05-29T18:18:13.180] [DEBUG] debug - Requesting for aws Bucket: static-content-bucket
[2020-05-29T18:18:13.180] [DEBUG] debug - Requesting for Path: blogs/java
[2020-05-29T18:18:42.282] [DEBUG] debug - Starting application.
[2020-05-29T18:18:42.299] [DEBUG] debug - Web server listning on :3000
[2020-05-29T18:18:47.174] [DEBUG] debug - Path request for:java
[2020-05-29T18:18:47.175] [DEBUG] debug - Requesting for aws Bucket: static-content-bucket
[2020-05-29T18:18:47.176] [DEBUG] debug - Requesting for Path: blogs/java
[2020-05-29T18:28:55.348] [DEBUG] debug - Starting application.
[2020-05-29T18:28:55.362] [DEBUG] debug - Web server listning on :3000
[2020-05-29T18:28:58.660] [DEBUG] debug - Path request for:java
[2020-05-29T18:28:58.661] [DEBUG] debug - Requesting for aws Bucket: static-content-bucket
[2020-05-29T18:28:58.662] [DEBUG] debug - Requesting for Path: blogs/java
[2020-05-29T18:32:15.720] [DEBUG] debug - Starting application.
[2020-05-29T18:32:15.738] [DEBUG] debug - Web server listning on :3000
[2020-05-29T18:32:17.675] [DEBUG] debug - Path request for:java
[2020-05-29T18:32:17.676] [DEBUG] debug - Requesting for aws Bucket: static-content-bucket
[2020-05-29T18:32:17.677] [DEBUG] debug - Requesting for Path: blogs/java
[2020-05-29T18:35:42.960] [DEBUG] debug - Starting application.
[2020-05-29T18:35:42.985] [DEBUG] debug - Web server listning on :3000
[2020-05-29T18:35:47.499] [DEBUG] debug - Path request for:java
[2020-05-29T18:35:47.500] [DEBUG] debug - Requesting for aws Bucket: static-content-bucket/blogs
[2020-05-29T18:35:47.502] [DEBUG] debug - Requesting for Path: blogs/java
[2020-05-29T19:45:12.371] [DEBUG] debug - Starting application.
[2020-05-29T19:45:12.385] [DEBUG] debug - Web server listning on :3000
[2020-05-29T19:45:33.243] [DEBUG] debug - Path request for:/blogs/java/introduction-to-java.html
[2020-05-29T19:45:33.245] [DEBUG] debug - Requesting for aws Bucket: static-content-bucket
[2020-05-29T19:45:33.246] [DEBUG] debug - Requesting for Path: blogs//blogs/java/introduction-to-java.html
[2020-05-29T19:46:47.791] [DEBUG] debug - Starting application.
[2020-05-29T19:46:47.806] [DEBUG] debug - Web server listning on :3000
[2020-05-29T19:46:53.620] [DEBUG] debug - Path request for:/blogs/java/introduction-to-java.html
[2020-05-29T19:46:53.622] [DEBUG] debug - Requesting for aws Bucket: static-content-bucket
[2020-05-29T19:46:53.623] [DEBUG] debug - Requesting for Path: blogs//blogs/java/introduction-to-java.html
[2020-05-29T19:48:06.615] [DEBUG] debug - Starting application.
[2020-05-29T19:48:06.643] [DEBUG] debug - Web server listning on :3000
[2020-05-29T19:48:09.134] [DEBUG] debug - File request for:/blogs/java/introduction-to-java.html
[2020-05-29T19:48:09.136] [DEBUG] debug - Reading file: /blogs/java/introduction-to-java.html, from aws Bucket: static-content-bucket.
[2020-05-29T19:55:06.299] [DEBUG] debug - Starting application.
[2020-05-29T19:55:06.324] [DEBUG] debug - Web server listning on :3000
[2020-05-29T19:55:09.408] [DEBUG] debug - File request for:/blogs/java/introduction-to-java.html
[2020-05-29T19:55:09.410] [DEBUG] debug - Reading file: /blogs/java/introduction-to-java.html, from aws Bucket: static-content-bucket.
[2020-05-29T19:56:05.114] [DEBUG] debug - Starting application.
[2020-05-29T19:56:05.129] [DEBUG] debug - Web server listning on :3000
[2020-05-29T19:56:07.118] [DEBUG] debug - File request for:/blogs/java/introduction-to-java.html
[2020-05-29T19:56:07.119] [DEBUG] debug - Reading file: /blogs/java/introduction-to-java.html, from aws Bucket: static-content-bucket.
[2020-05-29T19:59:19.851] [DEBUG] debug - Path request for:java
[2020-05-29T19:59:19.853] [DEBUG] debug - Requesting for aws Bucket: static-content-bucket
[2020-05-29T19:59:19.854] [DEBUG] debug - Requesting for Path: blogs/java
[2020-05-29T20:08:56.082] [DEBUG] debug - Starting application.
[2020-05-29T20:08:56.111] [DEBUG] debug - Web server listning on :3000
[2020-05-29T20:08:59.569] [DEBUG] debug - Path request for:java
[2020-05-29T20:08:59.571] [DEBUG] debug - Requesting for aws Bucket: static-content-bucket
[2020-05-29T20:08:59.573] [DEBUG] debug - Requesting for Path: blogs/java
[2020-05-29T20:09:17.178] [DEBUG] debug - Path request for:nodejs
[2020-05-29T20:09:17.179] [DEBUG] debug - Requesting for aws Bucket: static-content-bucket
[2020-05-29T20:09:17.181] [DEBUG] debug - Requesting for Path: blogs/nodejs
[2020-05-29T20:09:28.342] [DEBUG] debug - Path request for:miscelenious
[2020-05-29T20:09:28.344] [DEBUG] debug - Requesting for aws Bucket: static-content-bucket
[2020-05-29T20:09:28.344] [DEBUG] debug - Requesting for Path: blogs/miscelenious
[2020-05-29T20:09:36.770] [DEBUG] debug - Path request for:
[2020-05-29T20:09:36.771] [DEBUG] debug - Requesting for aws Bucket: static-content-bucket
[2020-05-29T20:09:36.772] [DEBUG] debug - Requesting for Path: blogs/
[2020-05-29T20:09:41.177] [DEBUG] debug - Path request for:sdfsd
[2020-05-29T20:09:41.179] [DEBUG] debug - Requesting for aws Bucket: static-content-bucket
[2020-05-29T20:09:41.179] [DEBUG] debug - Requesting for Path: blogs/sdfsd
[2020-05-29T20:15:27.168] [DEBUG] debug - Starting application.
[2020-05-29T20:15:27.195] [DEBUG] debug - Web server listning on :3000
[2020-05-29T20:15:58.639] [DEBUG] debug - Path request for:/java/introduction-to-java.html
[2020-05-29T20:15:58.641] [DEBUG] debug - Requesting for aws Bucket: static-content-bucket
[2020-05-29T20:15:58.642] [DEBUG] debug - Requesting for Path: blogs//java/introduction-to-java.html
[2020-05-29T20:16:07.001] [DEBUG] debug - File request for:/java/introduction-to-java.html
[2020-05-29T20:16:07.003] [DEBUG] debug - Reading file: blogs/java/introduction-to-java.html, from aws Bucket: static-content-bucket.
[2020-05-29T20:18:58.880] [DEBUG] debug - Starting application.
[2020-05-29T20:18:58.894] [DEBUG] debug - Web server listning on :3000
[2020-05-29T20:19:01.967] [DEBUG] debug - File request for:/java/introduction-to-java.html
[2020-05-29T20:19:01.969] [DEBUG] debug - Reading file: blogs/java/introduction-to-java.html, from aws Bucket: static-content-bucket.
[2020-05-29T20:19:34.277] [DEBUG] debug - Starting application.
[2020-05-29T20:19:34.293] [DEBUG] debug - Web server listning on :3000
[2020-05-29T20:19:44.233] [DEBUG] debug - File request for:/java/introduction-to-java.html
[2020-05-29T20:19:44.235] [DEBUG] debug - Reading file: blogs/java/introduction-to-java.html, from aws Bucket: static-content-bucket.
[2020-05-29T20:25:01.973] [DEBUG] debug - Starting application.
[2020-05-29T20:25:01.999] [DEBUG] debug - Web server listning on :3000
[2020-05-29T20:25:06.792] [DEBUG] debug - File request for:/java/introduction-to-java.html
[2020-05-29T20:25:06.794] [DEBUG] debug - Reading file: blogs/java/introduction-to-java.html, from aws Bucket: static-content-bucket.
[2020-05-29T20:26:10.573] [DEBUG] debug - File request for:java/introduction-to-java.html
[2020-05-29T20:26:10.575] [DEBUG] debug - Reading file: blogsjava/introduction-to-java.html, from aws Bucket: static-content-bucket.
[2020-05-29T20:30:43.293] [DEBUG] debug - Starting application.
[2020-05-29T20:30:43.309] [DEBUG] debug - Web server listning on :3000
[2020-05-29T20:30:46.357] [DEBUG] debug - File request for:java/introduction-to-java.html
[2020-05-29T20:30:46.359] [DEBUG] debug - Reading file: blogs/java/introduction-to-java.html, from aws Bucket: static-content-bucket.
[2020-05-29T20:30:52.128] [DEBUG] debug - File request for:/java/introduction-to-java.html
[2020-05-29T20:30:52.129] [DEBUG] debug - Reading file: blogs/java/introduction-to-java.html, from aws Bucket: static-content-bucket.
