[2020-05-30T19:29:57.956] [TRACE] out - Path request for:java
[2020-05-30T19:29:57.959] [TRACE] out - Requesting for aws Bucket: static-content-bucket
[2020-05-30T19:29:57.960] [TRACE] out - Requesting for Path: blogs/java
[2020-05-30T19:29:58.503] [ERROR] out - InvalidAccessKeyId: The AWS Access Key Id you provided does not exist in our records.
    at Request.extractError (C:\Users\Admin\repo\project-apps\cms\node_modules\aws-sdk\lib\services\s3.js:831:35)
    at Request.callListeners (C:\Users\Admin\repo\project-apps\cms\node_modules\aws-sdk\lib\sequential_executor.js:106:20)
    at Request.emit (C:\Users\Admin\repo\project-apps\cms\node_modules\aws-sdk\lib\sequential_executor.js:78:10)
    at Request.emit (C:\Users\Admin\repo\project-apps\cms\node_modules\aws-sdk\lib\request.js:683:14)
    at Request.transition (C:\Users\Admin\repo\project-apps\cms\node_modules\aws-sdk\lib\request.js:22:10)
    at AcceptorStateMachine.runTo (C:\Users\Admin\repo\project-apps\cms\node_modules\aws-sdk\lib\state_machine.js:14:12)
    at C:\Users\Admin\repo\project-apps\cms\node_modules\aws-sdk\lib\state_machine.js:26:10
    at Request.<anonymous> (C:\Users\Admin\repo\project-apps\cms\node_modules\aws-sdk\lib\request.js:38:9)
    at Request.<anonymous> (C:\Users\Admin\repo\project-apps\cms\node_modules\aws-sdk\lib\request.js:685:12)
    at Request.callListeners (C:\Users\Admin\repo\project-apps\cms\node_modules\aws-sdk\lib\sequential_executor.js:116:18) {
  message: 'The AWS Access Key Id you provided does not exist in our records.',
  code: 'InvalidAccessKeyId',
  region: 'ap-south-1',
  time: 2020-05-30T13:59:58.484Z,
  requestId: 'A39CFE0887EE9EB0',
  extendedRequestId: 'o0vrwfrzqJqLaNix8Df038FfMxmHQ6BgdXSZKuT/OWjEa1YQBeYATrh1FZC8b95pnVpUmsSBYOI=',
  cfId: undefined,
  statusCode: 403,
  retryable: false,
  retryDelay: 1.162572984984367
}
[2020-05-30T19:29:58.510] [ERROR] out - Error while fetching data:
InvalidAccessKeyId: The AWS Access Key Id you provided does not exist in our records.
    at Request.extractError (C:\Users\Admin\repo\project-apps\cms\node_modules\aws-sdk\lib\services\s3.js:831:35)
    at Request.callListeners (C:\Users\Admin\repo\project-apps\cms\node_modules\aws-sdk\lib\sequential_executor.js:106:20)
    at Request.emit (C:\Users\Admin\repo\project-apps\cms\node_modules\aws-sdk\lib\sequential_executor.js:78:10)
    at Request.emit (C:\Users\Admin\repo\project-apps\cms\node_modules\aws-sdk\lib\request.js:683:14)
    at Request.transition (C:\Users\Admin\repo\project-apps\cms\node_modules\aws-sdk\lib\request.js:22:10)
    at AcceptorStateMachine.runTo (C:\Users\Admin\repo\project-apps\cms\node_modules\aws-sdk\lib\state_machine.js:14:12)
    at C:\Users\Admin\repo\project-apps\cms\node_modules\aws-sdk\lib\state_machine.js:26:10
    at Request.<anonymous> (C:\Users\Admin\repo\project-apps\cms\node_modules\aws-sdk\lib\request.js:38:9)
    at Request.<anonymous> (C:\Users\Admin\repo\project-apps\cms\node_modules\aws-sdk\lib\request.js:685:12)
    at Request.callListeners (C:\Users\Admin\repo\project-apps\cms\node_modules\aws-sdk\lib\sequential_executor.js:116:18)
[2020-05-30T19:30:45.256] [TRACE] out - Starting application.
[2020-05-30T19:30:45.269] [TRACE] out - Web server listning on :3000
[2020-05-30T19:30:47.858] [TRACE] out - Path request for:java
[2020-05-30T19:30:47.860] [TRACE] out - Requesting for aws Bucket: static-content-bucket
[2020-05-30T19:30:47.861] [TRACE] out - Requesting for Path: blogs/java
[2020-05-30T19:30:49.530] [ERROR] out - InvalidAccessKeyId: The AWS Access Key Id you provided does not exist in our records.
    at Request.extractError (C:\Users\Admin\repo\project-apps\cms\node_modules\aws-sdk\lib\services\s3.js:831:35)
    at Request.callListeners (C:\Users\Admin\repo\project-apps\cms\node_modules\aws-sdk\lib\sequential_executor.js:106:20)
    at Request.emit (C:\Users\Admin\repo\project-apps\cms\node_modules\aws-sdk\lib\sequential_executor.js:78:10)
    at Request.emit (C:\Users\Admin\repo\project-apps\cms\node_modules\aws-sdk\lib\request.js:683:14)
    at Request.transition (C:\Users\Admin\repo\project-apps\cms\node_modules\aws-sdk\lib\request.js:22:10)
    at AcceptorStateMachine.runTo (C:\Users\Admin\repo\project-apps\cms\node_modules\aws-sdk\lib\state_machine.js:14:12)
    at C:\Users\Admin\repo\project-apps\cms\node_modules\aws-sdk\lib\state_machine.js:26:10
    at Request.<anonymous> (C:\Users\Admin\repo\project-apps\cms\node_modules\aws-sdk\lib\request.js:38:9)
    at Request.<anonymous> (C:\Users\Admin\repo\project-apps\cms\node_modules\aws-sdk\lib\request.js:685:12)
    at Request.callListeners (C:\Users\Admin\repo\project-apps\cms\node_modules\aws-sdk\lib\sequential_executor.js:116:18) {
  message: 'The AWS Access Key Id you provided does not exist in our records.',
  code: 'InvalidAccessKeyId',
  region: 'ap-south-1',
  time: 2020-05-30T14:00:49.521Z,
  requestId: '2D62231B620AAFCA',
  extendedRequestId: '9nFEXlkdcaTDuNAFcjKB0N8jxZoRVeoBuWcsuhaeS3pkMPM2vzCVH4zHCQEtcOfqx5TA3r7HOjU=',
  cfId: undefined,
  statusCode: 403,
  retryable: false,
  retryDelay: 170.08616212776707
}
[2020-05-30T19:30:49.552] [ERROR] out - Error while fetching data:
InvalidAccessKeyId: The AWS Access Key Id you provided does not exist in our records.
    at Request.extractError (C:\Users\Admin\repo\project-apps\cms\node_modules\aws-sdk\lib\services\s3.js:831:35)
    at Request.callListeners (C:\Users\Admin\repo\project-apps\cms\node_modules\aws-sdk\lib\sequential_executor.js:106:20)
    at Request.emit (C:\Users\Admin\repo\project-apps\cms\node_modules\aws-sdk\lib\sequential_executor.js:78:10)
    at Request.emit (C:\Users\Admin\repo\project-apps\cms\node_modules\aws-sdk\lib\request.js:683:14)
    at Request.transition (C:\Users\Admin\repo\project-apps\cms\node_modules\aws-sdk\lib\request.js:22:10)
    at AcceptorStateMachine.runTo (C:\Users\Admin\repo\project-apps\cms\node_modules\aws-sdk\lib\state_machine.js:14:12)
    at C:\Users\Admin\repo\project-apps\cms\node_modules\aws-sdk\lib\state_machine.js:26:10
    at Request.<anonymous> (C:\Users\Admin\repo\project-apps\cms\node_modules\aws-sdk\lib\request.js:38:9)
    at Request.<anonymous> (C:\Users\Admin\repo\project-apps\cms\node_modules\aws-sdk\lib\request.js:685:12)
    at Request.callListeners (C:\Users\Admin\repo\project-apps\cms\node_modules\aws-sdk\lib\sequential_executor.js:116:18)
[2020-05-30T19:41:24.584] [TRACE] out - Starting application.
[2020-05-30T19:41:24.596] [TRACE] out - Web server listning on :3000
[2020-05-30T19:41:28.949] [TRACE] out - Path request for:java
[2020-05-30T19:41:28.951] [TRACE] out - Requesting for aws Bucket: static-content-bucket
[2020-05-30T19:41:28.952] [TRACE] out - Requesting for Path: blogs/java
[2020-05-30T19:41:30.292] [ERROR] out - AccessDenied: Access Denied
    at Request.extractError (C:\Users\Admin\repo\project-apps\cms\node_modules\aws-sdk\lib\services\s3.js:831:35)
    at Request.callListeners (C:\Users\Admin\repo\project-apps\cms\node_modules\aws-sdk\lib\sequential_executor.js:106:20)
    at Request.emit (C:\Users\Admin\repo\project-apps\cms\node_modules\aws-sdk\lib\sequential_executor.js:78:10)
    at Request.emit (C:\Users\Admin\repo\project-apps\cms\node_modules\aws-sdk\lib\request.js:683:14)
    at Request.transition (C:\Users\Admin\repo\project-apps\cms\node_modules\aws-sdk\lib\request.js:22:10)
    at AcceptorStateMachine.runTo (C:\Users\Admin\repo\project-apps\cms\node_modules\aws-sdk\lib\state_machine.js:14:12)
    at C:\Users\Admin\repo\project-apps\cms\node_modules\aws-sdk\lib\state_machine.js:26:10
    at Request.<anonymous> (C:\Users\Admin\repo\project-apps\cms\node_modules\aws-sdk\lib\request.js:38:9)
    at Request.<anonymous> (C:\Users\Admin\repo\project-apps\cms\node_modules\aws-sdk\lib\request.js:685:12)
    at Request.callListeners (C:\Users\Admin\repo\project-apps\cms\node_modules\aws-sdk\lib\sequential_executor.js:116:18) {
  message: 'Access Denied',
  code: 'AccessDenied',
  region: 'ap-south-1',
  time: 2020-05-30T14:11:30.283Z,
  requestId: '99A14886DF071F67',
  extendedRequestId: 'ShefKHv6+HXTqDFRJmHfUau2QCjOt/wL/WE4AsRdXAULTtgZCBShu59/eKAG3P6ZviIOCODr1Os=',
  cfId: undefined,
  statusCode: 403,
  retryable: false,
  retryDelay: 130.7657533983761
}
[2020-05-30T19:41:30.309] [ERROR] out - Error while fetching data:
AccessDenied: Access Denied
    at Request.extractError (C:\Users\Admin\repo\project-apps\cms\node_modules\aws-sdk\lib\services\s3.js:831:35)
    at Request.callListeners (C:\Users\Admin\repo\project-apps\cms\node_modules\aws-sdk\lib\sequential_executor.js:106:20)
    at Request.emit (C:\Users\Admin\repo\project-apps\cms\node_modules\aws-sdk\lib\sequential_executor.js:78:10)
    at Request.emit (C:\Users\Admin\repo\project-apps\cms\node_modules\aws-sdk\lib\request.js:683:14)
    at Request.transition (C:\Users\Admin\repo\project-apps\cms\node_modules\aws-sdk\lib\request.js:22:10)
    at AcceptorStateMachine.runTo (C:\Users\Admin\repo\project-apps\cms\node_modules\aws-sdk\lib\state_machine.js:14:12)
    at C:\Users\Admin\repo\project-apps\cms\node_modules\aws-sdk\lib\state_machine.js:26:10
    at Request.<anonymous> (C:\Users\Admin\repo\project-apps\cms\node_modules\aws-sdk\lib\request.js:38:9)
    at Request.<anonymous> (C:\Users\Admin\repo\project-apps\cms\node_modules\aws-sdk\lib\request.js:685:12)
    at Request.callListeners (C:\Users\Admin\repo\project-apps\cms\node_modules\aws-sdk\lib\sequential_executor.js:116:18)
[2020-05-30T19:46:31.558] [TRACE] out - Starting application.
[2020-05-30T19:46:31.571] [TRACE] out - Web server listning on :3000
[2020-05-30T19:46:34.467] [TRACE] out - Path request for:java
[2020-05-30T19:46:34.468] [TRACE] out - Requesting for aws Bucket: static-content-bucket
[2020-05-30T19:46:34.470] [TRACE] out - Requesting for Path: blogs/java
[2020-05-30T21:21:28.641] [TRACE] out - File request for:java/introduction-to-java.html
[2020-05-30T21:21:28.644] [TRACE] out - Reading file: blogs/java/introduction-to-java.html, from aws Bucket: static-content-bucket.
[2020-05-30T21:36:24.891] [TRACE] out - Starting application.
[2020-05-30T21:36:24.905] [TRACE] out - Web server listning on :3000
[2020-05-30T21:37:10.036] [TRACE] out - Starting application.
[2020-05-30T21:37:10.048] [TRACE] out - Web server listning on :3000
[2020-05-30T22:23:07.953] [TRACE] out - Starting application.
[2020-05-30T22:23:07.966] [TRACE] out - Web server listning on :3000
