[2020-05-29T18:01:53.260] [TRACE] out - Starting application.
[2020-05-29T18:01:53.291] [ERROR] out - UncaughtException:
Error: listen EADDRINUSE: address already in use :::3000
[2020-05-29T18:02:13.542] [TRACE] out - Starting application.
[2020-05-29T18:02:13.554] [TRACE] out - Web server listning on :3000
[2020-05-29T18:02:26.926] [TRACE] out - Path request for:java
[2020-05-29T18:02:26.927] [TRACE] out - Requesting for aws Bucket: static-content-bucket
[2020-05-29T18:02:26.928] [TRACE] out - Requesting for Path: blogs/java
[2020-05-29T18:03:03.912] [TRACE] out - Starting application.
[2020-05-29T18:03:03.926] [TRACE] out - Web server listning on :3000
[2020-05-29T18:03:04.187] [TRACE] out - Path request for:java
[2020-05-29T18:03:04.190] [TRACE] out - Requesting for aws Bucket: static-content-bucket
[2020-05-29T18:03:04.192] [TRACE] out - Requesting for Path: blogs/java
[2020-05-29T18:03:06.160] [TRACE] out - Path request for:java
[2020-05-29T18:03:06.162] [TRACE] out - Requesting for aws Bucket: static-content-bucket
[2020-05-29T18:03:06.163] [TRACE] out - Requesting for Path: blogs/java
[2020-05-29T18:06:00.159] [TRACE] out - Starting application.
[2020-05-29T18:06:00.172] [TRACE] out - Web server listning on :3000
[2020-05-29T18:06:03.914] [TRACE] out - Path request for:java
[2020-05-29T18:06:03.916] [TRACE] out - Requesting for aws Bucket: static-content-bucket
[2020-05-29T18:06:03.917] [TRACE] out - Requesting for Path: blogs/java
[2020-05-29T18:06:04.039] [TRACE] out - Path request for:java
[2020-05-29T18:06:04.041] [TRACE] out - Requesting for aws Bucket: static-content-bucket
[2020-05-29T18:06:04.042] [TRACE] out - Requesting for Path: blogs/java
[2020-05-29T18:18:08.624] [TRACE] out - Starting application.
[2020-05-29T18:18:08.636] [TRACE] out - Web server listning on :3000
[2020-05-29T18:18:13.179] [TRACE] out - Path request for:java
[2020-05-29T18:18:13.180] [TRACE] out - Requesting for aws Bucket: static-content-bucket
[2020-05-29T18:18:13.181] [TRACE] out - Requesting for Path: blogs/java
[2020-05-29T18:18:42.285] [TRACE] out - Starting application.
[2020-05-29T18:18:42.300] [TRACE] out - Web server listning on :3000
[2020-05-29T18:18:47.174] [TRACE] out - Path request for:java
[2020-05-29T18:18:47.175] [TRACE] out - Requesting for aws Bucket: static-content-bucket
[2020-05-29T18:18:47.177] [TRACE] out - Requesting for Path: blogs/java
[2020-05-29T18:28:55.350] [TRACE] out - Starting application.
[2020-05-29T18:28:55.363] [TRACE] out - Web server listning on :3000
[2020-05-29T18:28:58.660] [TRACE] out - Path request for:java
[2020-05-29T18:28:58.661] [TRACE] out - Requesting for aws Bucket: static-content-bucket
[2020-05-29T18:28:58.662] [TRACE] out - Requesting for Path: blogs/java
[2020-05-29T18:29:00.178] [ERROR] out - UncaughtException:
ReferenceError: data is not defined
[2020-05-29T18:32:15.722] [TRACE] out - Starting application.
[2020-05-29T18:32:15.739] [TRACE] out - Web server listning on :3000
[2020-05-29T18:32:17.675] [TRACE] out - Path request for:java
[2020-05-29T18:32:17.676] [TRACE] out - Requesting for aws Bucket: static-content-bucket
[2020-05-29T18:32:17.677] [TRACE] out - Requesting for Path: blogs/java
[2020-05-29T18:35:42.962] [TRACE] out - Starting application.
[2020-05-29T18:35:42.985] [TRACE] out - Web server listning on :3000
[2020-05-29T18:35:47.499] [TRACE] out - Path request for:java
[2020-05-29T18:35:47.500] [TRACE] out - Requesting for aws Bucket: static-content-bucket/blogs
[2020-05-29T18:35:47.502] [TRACE] out - Requesting for Path: blogs/java
[2020-05-29T18:35:47.529] [ERROR] out - InvalidBucket: Bucket names cannot contain forward slashes. Bucket: static-content-bucket/blogs
    at Request.validateBucketName (C:\Users\Admin\repo\project-apps\cms\node_modules\aws-sdk\lib\services\s3.js:338:30)
    at Request.callListeners (C:\Users\Admin\repo\project-apps\cms\node_modules\aws-sdk\lib\sequential_executor.js:106:20)
    at Request.emit (C:\Users\Admin\repo\project-apps\cms\node_modules\aws-sdk\lib\sequential_executor.js:78:10)
    at Request.emit (C:\Users\Admin\repo\project-apps\cms\node_modules\aws-sdk\lib\request.js:683:14)
    at Request.transition (C:\Users\Admin\repo\project-apps\cms\node_modules\aws-sdk\lib\request.js:22:10)
    at AcceptorStateMachine.runTo (C:\Users\Admin\repo\project-apps\cms\node_modules\aws-sdk\lib\state_machine.js:14:12)
    at Request.runTo (C:\Users\Admin\repo\project-apps\cms\node_modules\aws-sdk\lib\request.js:403:15)
    at Request.send (C:\Users\Admin\repo\project-apps\cms\node_modules\aws-sdk\lib\request.js:367:10)
    at features.constructor.makeRequest (C:\Users\Admin\repo\project-apps\cms\node_modules\aws-sdk\lib\service.js:205:27)
    at features.constructor.svc.<computed> [as listObjects] (C:\Users\Admin\repo\project-apps\cms\node_modules\aws-sdk\lib\service.js:677:23) {
  message: 'Bucket names cannot contain forward slashes. Bucket: static-content-bucket/blogs',
  code: 'InvalidBucket',
  time: 2020-05-29T13:05:47.509Z
}
[2020-05-29T18:35:47.538] [ERROR] out - Error while fetching data:
InvalidBucket: Bucket names cannot contain forward slashes. Bucket: static-content-bucket/blogs
    at Request.validateBucketName (C:\Users\Admin\repo\project-apps\cms\node_modules\aws-sdk\lib\services\s3.js:338:30)
    at Request.callListeners (C:\Users\Admin\repo\project-apps\cms\node_modules\aws-sdk\lib\sequential_executor.js:106:20)
    at Request.emit (C:\Users\Admin\repo\project-apps\cms\node_modules\aws-sdk\lib\sequential_executor.js:78:10)
    at Request.emit (C:\Users\Admin\repo\project-apps\cms\node_modules\aws-sdk\lib\request.js:683:14)
    at Request.transition (C:\Users\Admin\repo\project-apps\cms\node_modules\aws-sdk\lib\request.js:22:10)
    at AcceptorStateMachine.runTo (C:\Users\Admin\repo\project-apps\cms\node_modules\aws-sdk\lib\state_machine.js:14:12)
    at Request.runTo (C:\Users\Admin\repo\project-apps\cms\node_modules\aws-sdk\lib\request.js:403:15)
    at Request.send (C:\Users\Admin\repo\project-apps\cms\node_modules\aws-sdk\lib\request.js:367:10)
    at features.constructor.makeRequest (C:\Users\Admin\repo\project-apps\cms\node_modules\aws-sdk\lib\service.js:205:27)
    at features.constructor.svc.<computed> [as listObjects] (C:\Users\Admin\repo\project-apps\cms\node_modules\aws-sdk\lib\service.js:677:23)
[2020-05-29T19:45:12.372] [TRACE] out - Starting application.
[2020-05-29T19:45:12.385] [TRACE] out - Web server listning on :3000
[2020-05-29T19:45:33.243] [TRACE] out - Path request for:/blogs/java/introduction-to-java.html
[2020-05-29T19:45:33.245] [TRACE] out - Requesting for aws Bucket: static-content-bucket
[2020-05-29T19:45:33.246] [TRACE] out - Requesting for Path: blogs//blogs/java/introduction-to-java.html
[2020-05-29T19:46:47.793] [TRACE] out - Starting application.
[2020-05-29T19:46:47.806] [TRACE] out - Web server listning on :3000
[2020-05-29T19:46:53.620] [TRACE] out - Path request for:/blogs/java/introduction-to-java.html
[2020-05-29T19:46:53.622] [TRACE] out - Requesting for aws Bucket: static-content-bucket
[2020-05-29T19:46:53.623] [TRACE] out - Requesting for Path: blogs//blogs/java/introduction-to-java.html
[2020-05-29T19:48:06.617] [TRACE] out - Starting application.
[2020-05-29T19:48:06.643] [TRACE] out - Web server listning on :3000
[2020-05-29T19:48:09.135] [TRACE] out - File request for:/blogs/java/introduction-to-java.html
[2020-05-29T19:48:09.136] [TRACE] out - Reading file: /blogs/java/introduction-to-java.html, from aws Bucket: static-content-bucket.
[2020-05-29T19:48:26.499] [ERROR] out - Error while reading path: NoSuchKey: The specified key does not exist.
    at Request.extractError (C:\Users\Admin\repo\project-apps\cms\node_modules\aws-sdk\lib\services\s3.js:831:35)
    at Request.callListeners (C:\Users\Admin\repo\project-apps\cms\node_modules\aws-sdk\lib\sequential_executor.js:106:20)
    at Request.emit (C:\Users\Admin\repo\project-apps\cms\node_modules\aws-sdk\lib\sequential_executor.js:78:10)
    at Request.emit (C:\Users\Admin\repo\project-apps\cms\node_modules\aws-sdk\lib\request.js:683:14)
    at Request.transition (C:\Users\Admin\repo\project-apps\cms\node_modules\aws-sdk\lib\request.js:22:10)
    at AcceptorStateMachine.runTo (C:\Users\Admin\repo\project-apps\cms\node_modules\aws-sdk\lib\state_machine.js:14:12)
    at C:\Users\Admin\repo\project-apps\cms\node_modules\aws-sdk\lib\state_machine.js:26:10
    at Request.<anonymous> (C:\Users\Admin\repo\project-apps\cms\node_modules\aws-sdk\lib\request.js:38:9)
    at Request.<anonymous> (C:\Users\Admin\repo\project-apps\cms\node_modules\aws-sdk\lib\request.js:685:12)
    at Request.callListeners (C:\Users\Admin\repo\project-apps\cms\node_modules\aws-sdk\lib\sequential_executor.js:116:18)
[2020-05-29T19:55:06.301] [TRACE] out - Starting application.
[2020-05-29T19:55:06.324] [TRACE] out - Web server listning on :3000
[2020-05-29T19:55:09.408] [TRACE] out - File request for:/blogs/java/introduction-to-java.html
[2020-05-29T19:55:09.410] [TRACE] out - Reading file: /blogs/java/introduction-to-java.html, from aws Bucket: static-content-bucket.
[2020-05-29T19:55:19.247] [ERROR] out - Error while reading path: NoSuchKey: The specified key does not exist.
    at Request.extractError (C:\Users\Admin\repo\project-apps\cms\node_modules\aws-sdk\lib\services\s3.js:831:35)
    at Request.callListeners (C:\Users\Admin\repo\project-apps\cms\node_modules\aws-sdk\lib\sequential_executor.js:106:20)
    at Request.emit (C:\Users\Admin\repo\project-apps\cms\node_modules\aws-sdk\lib\sequential_executor.js:78:10)
    at Request.emit (C:\Users\Admin\repo\project-apps\cms\node_modules\aws-sdk\lib\request.js:683:14)
    at Request.transition (C:\Users\Admin\repo\project-apps\cms\node_modules\aws-sdk\lib\request.js:22:10)
    at AcceptorStateMachine.runTo (C:\Users\Admin\repo\project-apps\cms\node_modules\aws-sdk\lib\state_machine.js:14:12)
    at C:\Users\Admin\repo\project-apps\cms\node_modules\aws-sdk\lib\state_machine.js:26:10
    at Request.<anonymous> (C:\Users\Admin\repo\project-apps\cms\node_modules\aws-sdk\lib\request.js:38:9)
    at Request.<anonymous> (C:\Users\Admin\repo\project-apps\cms\node_modules\aws-sdk\lib\request.js:685:12)
    at Request.callListeners (C:\Users\Admin\repo\project-apps\cms\node_modules\aws-sdk\lib\sequential_executor.js:116:18)
[2020-05-29T19:56:05.116] [TRACE] out - Starting application.
[2020-05-29T19:56:05.129] [TRACE] out - Web server listning on :3000
[2020-05-29T19:56:07.118] [TRACE] out - File request for:/blogs/java/introduction-to-java.html
[2020-05-29T19:56:07.120] [TRACE] out - Reading file: /blogs/java/introduction-to-java.html, from aws Bucket: static-content-bucket.
[2020-05-29T19:56:08.063] [ERROR] out - Error while reading path: NoSuchKey: The specified key does not exist.
    at Request.extractError (C:\Users\Admin\repo\project-apps\cms\node_modules\aws-sdk\lib\services\s3.js:831:35)
    at Request.callListeners (C:\Users\Admin\repo\project-apps\cms\node_modules\aws-sdk\lib\sequential_executor.js:106:20)
    at Request.emit (C:\Users\Admin\repo\project-apps\cms\node_modules\aws-sdk\lib\sequential_executor.js:78:10)
    at Request.emit (C:\Users\Admin\repo\project-apps\cms\node_modules\aws-sdk\lib\request.js:683:14)
    at Request.transition (C:\Users\Admin\repo\project-apps\cms\node_modules\aws-sdk\lib\request.js:22:10)
    at AcceptorStateMachine.runTo (C:\Users\Admin\repo\project-apps\cms\node_modules\aws-sdk\lib\state_machine.js:14:12)
    at C:\Users\Admin\repo\project-apps\cms\node_modules\aws-sdk\lib\state_machine.js:26:10
    at Request.<anonymous> (C:\Users\Admin\repo\project-apps\cms\node_modules\aws-sdk\lib\request.js:38:9)
    at Request.<anonymous> (C:\Users\Admin\repo\project-apps\cms\node_modules\aws-sdk\lib\request.js:685:12)
    at Request.callListeners (C:\Users\Admin\repo\project-apps\cms\node_modules\aws-sdk\lib\sequential_executor.js:116:18)
[2020-05-29T19:59:19.852] [TRACE] out - Path request for:java
[2020-05-29T19:59:19.853] [TRACE] out - Requesting for aws Bucket: static-content-bucket
[2020-05-29T19:59:19.854] [TRACE] out - Requesting for Path: blogs/java
[2020-05-29T20:08:56.084] [TRACE] out - Starting application.
[2020-05-29T20:08:56.111] [TRACE] out - Web server listning on :3000
[2020-05-29T20:08:59.570] [TRACE] out - Path request for:java
[2020-05-29T20:08:59.571] [TRACE] out - Requesting for aws Bucket: static-content-bucket
[2020-05-29T20:08:59.573] [TRACE] out - Requesting for Path: blogs/java
[2020-05-29T20:09:17.178] [TRACE] out - Path request for:nodejs
[2020-05-29T20:09:17.179] [TRACE] out - Requesting for aws Bucket: static-content-bucket
[2020-05-29T20:09:17.181] [TRACE] out - Requesting for Path: blogs/nodejs
[2020-05-29T20:09:28.342] [TRACE] out - Path request for:miscelenious
[2020-05-29T20:09:28.344] [TRACE] out - Requesting for aws Bucket: static-content-bucket
[2020-05-29T20:09:28.345] [TRACE] out - Requesting for Path: blogs/miscelenious
[2020-05-29T20:09:36.770] [TRACE] out - Path request for:
[2020-05-29T20:09:36.771] [TRACE] out - Requesting for aws Bucket: static-content-bucket
[2020-05-29T20:09:36.772] [TRACE] out - Requesting for Path: blogs/
[2020-05-29T20:09:41.177] [TRACE] out - Path request for:sdfsd
[2020-05-29T20:09:41.179] [TRACE] out - Requesting for aws Bucket: static-content-bucket
[2020-05-29T20:09:41.180] [TRACE] out - Requesting for Path: blogs/sdfsd
[2020-05-29T20:15:27.170] [TRACE] out - Starting application.
[2020-05-29T20:15:27.196] [TRACE] out - Web server listning on :3000
[2020-05-29T20:15:58.639] [TRACE] out - Path request for:/java/introduction-to-java.html
[2020-05-29T20:15:58.641] [TRACE] out - Requesting for aws Bucket: static-content-bucket
[2020-05-29T20:15:58.642] [TRACE] out - Requesting for Path: blogs//java/introduction-to-java.html
[2020-05-29T20:16:07.001] [TRACE] out - File request for:/java/introduction-to-java.html
[2020-05-29T20:16:07.003] [TRACE] out - Reading file: blogs/java/introduction-to-java.html, from aws Bucket: static-content-bucket.
[2020-05-29T20:18:58.881] [TRACE] out - Starting application.
[2020-05-29T20:18:58.894] [TRACE] out - Web server listning on :3000
[2020-05-29T20:19:01.967] [TRACE] out - File request for:/java/introduction-to-java.html
[2020-05-29T20:19:01.969] [TRACE] out - Reading file: blogs/java/introduction-to-java.html, from aws Bucket: static-content-bucket.
[2020-05-29T20:19:34.280] [TRACE] out - Starting application.
[2020-05-29T20:19:34.293] [TRACE] out - Web server listning on :3000
[2020-05-29T20:19:44.233] [TRACE] out - File request for:/java/introduction-to-java.html
[2020-05-29T20:19:44.235] [TRACE] out - Reading file: blogs/java/introduction-to-java.html, from aws Bucket: static-content-bucket.
[2020-05-29T20:25:01.985] [TRACE] out - Starting application.
[2020-05-29T20:25:01.999] [TRACE] out - Web server listning on :3000
[2020-05-29T20:25:06.792] [TRACE] out - File request for:/java/introduction-to-java.html
[2020-05-29T20:25:06.795] [TRACE] out - Reading file: blogs/java/introduction-to-java.html, from aws Bucket: static-content-bucket.
[2020-05-29T20:26:10.574] [TRACE] out - File request for:java/introduction-to-java.html
[2020-05-29T20:26:10.575] [TRACE] out - Reading file: blogsjava/introduction-to-java.html, from aws Bucket: static-content-bucket.
[2020-05-29T20:26:11.278] [ERROR] out - UncaughtException:
TypeError: Cannot read property 'Body' of null
[2020-05-29T20:30:43.295] [TRACE] out - Starting application.
[2020-05-29T20:30:43.309] [TRACE] out - Web server listning on :3000
[2020-05-29T20:30:46.357] [TRACE] out - File request for:java/introduction-to-java.html
[2020-05-29T20:30:46.359] [TRACE] out - Reading file: blogs/java/introduction-to-java.html, from aws Bucket: static-content-bucket.
[2020-05-29T20:30:52.128] [TRACE] out - File request for:/java/introduction-to-java.html
[2020-05-29T20:30:52.129] [TRACE] out - Reading file: blogs/java/introduction-to-java.html, from aws Bucket: static-content-bucket.
